<?xml version="1.0" encoding="UTF-8"?>
<!-- Generated by org.testng.reporters.JUnitReportReporter -->
<testsuite hostname="T450SAmuluru" name="com.primerevenue.osci.test.smoke.CMSmokeTestNG2" tests="2" failures="0" timestamp="23 Nov 2015 14:30:53 GMT" time="74.048" errors="0">
  <testcase name="cmsmokeTest2" time="48.029" classname="com.primerevenue.osci.test.smoke.CMSmokeTestNG2"/>
  <testcase name="cmsmokeTest1" time="26.019" classname="com.primerevenue.osci.test.smoke.CMSmokeTestNG2"/>
</testsuite> <!-- com.primerevenue.osci.test.smoke.CMSmokeTestNG2 -->
