<?xml version="1.0" encoding="UTF-8"?>
<!-- Generated by org.testng.reporters.JUnitReportReporter -->
<testsuite hostname="T450SAmuluru" name="com.primerevenue.osci.test.smoke.CMLoginTestNG2" tests="2" failures="0" timestamp="14 Nov 2015 22:13:16 GMT" time="94.161" errors="0">
  <testcase name="cmsmokeTest2" time="46.205" classname="com.primerevenue.osci.test.smoke.CMLoginTestNG2"/>
  <testcase name="cmsmokeTest1" time="47.956" classname="com.primerevenue.osci.test.smoke.CMLoginTestNG2"/>
</testsuite> <!-- com.primerevenue.osci.test.smoke.CMLoginTestNG2 -->
