<?xml version="1.0" encoding="UTF-8"?>
<!-- Generated by org.testng.reporters.JUnitReportReporter -->
<testsuite hostname="T450SAmuluru" name="com.primerevenue.osci.test.smoke.SPSmokeTestNG1" tests="1" failures="0" timestamp="18 Nov 2015 22:43:00 GMT" time="95.486" errors="0">
  <testcase name="smokeTest1" time="95.486" classname="com.primerevenue.osci.test.smoke.SPSmokeTestNG1"/>
</testsuite> <!-- com.primerevenue.osci.test.smoke.SPSmokeTestNG1 -->
