<?xml version="1.0" encoding="UTF-8"?>
<!-- Generated by org.testng.reporters.JUnitReportReporter -->
<testsuite hostname="T450SAmuluru" name="com.primerevenue.osci.test.smoke.SPLoginTestNG4" tests="1" failures="0" timestamp="11 Nov 2015 15:13:32 GMT" time="82.054" errors="0">
  <testcase name="smokeTest1" time="82.054" classname="com.primerevenue.osci.test.smoke.SPLoginTestNG4"/>
</testsuite> <!-- com.primerevenue.osci.test.smoke.SPLoginTestNG4 -->
