<?xml version="1.0" encoding="UTF-8"?>
<!-- Generated by org.testng.reporters.JUnitReportReporter -->
<testsuite hostname="T450SAmuluru" name="com.primerevenue.osci.test.smoke.DBTest" tests="1" failures="0" timestamp="19 Nov 2015 01:36:11 GMT" time="0.823" errors="0">
  <testcase name="pdftest" time="0.823" classname="com.primerevenue.osci.test.smoke.DBTest"/>
</testsuite> <!-- com.primerevenue.osci.test.smoke.DBTest -->
