<?xml version="1.0" encoding="UTF-8"?>
<!-- Generated by org.testng.reporters.JUnitReportReporter -->
<testsuite hostname="T450SAmuluru" name="com.primerevenue.osci.test.smoke.DBRollBackTestNG" tests="1" failures="0" timestamp="9 Dec 2015 17:42:54 GMT" time="6.539" errors="0">
  <testcase name="testdb" time="6.539" classname="com.primerevenue.osci.test.smoke.DBRollBackTestNG"/>
</testsuite> <!-- com.primerevenue.osci.test.smoke.DBRollBackTestNG -->
