<?xml version="1.0" encoding="UTF-8"?>
<!-- Generated by org.testng.reporters.JUnitReportReporter -->
<testsuite hostname="T450SAmuluru" name="com.primerevenue.osci.test.smoke.CMSmokeTestNG2" tests="2" failures="0" timestamp="18 Nov 2015 22:43:00 GMT" time="87.944" errors="0">
  <testcase name="cmsmokeTest1" time="38.664" classname="com.primerevenue.osci.test.smoke.CMSmokeTestNG2"/>
  <testcase name="cmsmokeTest2" time="49.280" classname="com.primerevenue.osci.test.smoke.CMSmokeTestNG2"/>
</testsuite> <!-- com.primerevenue.osci.test.smoke.CMSmokeTestNG2 -->
