<?xml version="1.0" encoding="UTF-8"?>
<!-- Generated by org.testng.reporters.JUnitReportReporter -->
<testsuite hostname="T450SAmuluru" name="com.primerevenue.osci.test.smoke.SPSmokeTestNG1" tests="1" failures="0" timestamp="15 Dec 2015 14:12:57 GMT" time="111.386" errors="0">
  <testcase name="smokeTest1" time="111.386" classname="com.primerevenue.osci.test.smoke.SPSmokeTestNG1"/>
</testsuite> <!-- com.primerevenue.osci.test.smoke.SPSmokeTestNG1 -->
