<?xml version="1.0" encoding="UTF-8"?>
<!-- Generated by org.testng.reporters.JUnitReportReporter -->
<testsuite hostname="T450SAmuluru" name="com.primerevenue.osci.test.smoke.CMModReportsTestNG9" tests="2" failures="0" timestamp="3 Dec 2015 02:22:07 GMT" time="68.030" errors="0">
  <testcase name="cmsmokeTest1" time="22.607" classname="com.primerevenue.osci.test.smoke.CMModReportsTestNG9"/>
  <testcase name="cmsmokeTest3" time="45.423" classname="com.primerevenue.osci.test.smoke.CMModReportsTestNG9"/>
</testsuite> <!-- com.primerevenue.osci.test.smoke.CMModReportsTestNG9 -->
