<?xml version="1.0" encoding="UTF-8"?>
<!-- Generated by org.testng.reporters.JUnitReportReporter -->
<testsuite hostname="T450SAmuluru" name="com.primerevenue.osci.test.smoke.FILoginTestNG3" tests="1" failures="0" timestamp="14 Nov 2015 22:37:06 GMT" time="62.043" errors="0">
  <testcase name="smokeTestfi1" time="62.043" classname="com.primerevenue.osci.test.smoke.FILoginTestNG3"/>
</testsuite> <!-- com.primerevenue.osci.test.smoke.FILoginTestNG3 -->
