<?xml version="1.0" encoding="UTF-8"?>
<!-- Generated by org.testng.reporters.JUnitReportReporter -->
<testsuite hostname="T450SAmuluru" name="com.primerevenue.osci.test.smoke.SuppReportsTestNG5" tests="1" failures="0" timestamp="15 Dec 2015 15:43:05 GMT" time="110.231" errors="0">
  <testcase name="smokeTestReports" time="110.231" classname="com.primerevenue.osci.test.smoke.SuppReportsTestNG5"/>
</testsuite> <!-- com.primerevenue.osci.test.smoke.SuppReportsTestNG5 -->
