<?xml version="1.0" encoding="UTF-8"?>
<!-- Generated by org.testng.reporters.JUnitReportReporter -->
<testsuite hostname="T450SAmuluru" name="com.primerevenue.osci.test.smoke.SPloginTestNG" tests="1" failures="0" timestamp="5 Nov 2015 16:11:25 GMT" time="75.540" errors="0">
  <testcase name="smokeTest1" time="75.540" classname="com.primerevenue.osci.test.smoke.SPloginTestNG"/>
</testsuite> <!-- com.primerevenue.osci.test.smoke.SPloginTestNG -->
