<?xml version="1.0" encoding="UTF-8"?>
<!-- Generated by org.testng.reporters.JUnitReportReporter -->
<testsuite hostname="T450SAmuluru" name="com.primerevenue.osci.test.smoke.FISmokeTestNG3" tests="1" failures="0" timestamp="30 Nov 2015 19:12:39 GMT" time="60.790" errors="0">
  <testcase name="smokeTestfi1" time="60.790" classname="com.primerevenue.osci.test.smoke.FISmokeTestNG3"/>
</testsuite> <!-- com.primerevenue.osci.test.smoke.FISmokeTestNG3 -->
