<?xml version="1.0" encoding="UTF-8"?>
<!-- Generated by org.testng.reporters.JUnitReportReporter -->
<testsuite hostname="T450SAmuluru" name="com.primerevenue.osci.test.smoke.CMModReportsTestNG9" tests="2" failures="0" timestamp="18 Nov 2015 22:43:00 GMT" time="86.156" errors="0">
  <testcase name="cmsmokeTest1" time="63.998" classname="com.primerevenue.osci.test.smoke.CMModReportsTestNG9"/>
  <testcase name="cmsmokeTest3" time="22.158" classname="com.primerevenue.osci.test.smoke.CMModReportsTestNG9"/>
</testsuite> <!-- com.primerevenue.osci.test.smoke.CMModReportsTestNG9 -->
