<?xml version="1.0" encoding="UTF-8"?>
<!-- Generated by org.testng.reporters.JUnitReportReporter -->
<testsuite hostname="T450SAmuluru" name="com.primerevenue.osci.test.smoke.SPModReportsTestNG8" tests="1" failures="0" timestamp="30 Nov 2015 22:29:47 GMT" time="113.818" errors="0">
  <testcase name="smokeTest1" time="113.818" classname="com.primerevenue.osci.test.smoke.SPModReportsTestNG8"/>
</testsuite> <!-- com.primerevenue.osci.test.smoke.SPModReportsTestNG8 -->
