<?xml version="1.0" encoding="UTF-8"?>
<!-- Generated by org.testng.reporters.JUnitReportReporter -->
<testsuite hostname="T450SAmuluru" name="com.primerevenue.osci.test.smoke.SPloginTestNG" tests="1" failures="0" timestamp="4 Nov 2015 21:51:24 GMT" time="68.189" errors="0">
  <testcase name="smokeTest1" time="68.189" classname="com.primerevenue.osci.test.smoke.SPloginTestNG"/>
</testsuite> <!-- com.primerevenue.osci.test.smoke.SPloginTestNG -->
