<?xml version="1.0" encoding="UTF-8"?>
<!-- Generated by org.testng.reporters.JUnitReportReporter -->
<testsuite hostname="T450SAmuluru" name="com.primerevenue.osci.test.smoke.DBTest" tests="1" failures="0" timestamp="6 Dec 2015 20:54:09 GMT" time="6.662" errors="0">
  <testcase name="testdb" time="6.662" classname="com.primerevenue.osci.test.smoke.DBTest"/>
</testsuite> <!-- com.primerevenue.osci.test.smoke.DBTest -->
