<?xml version="1.0" encoding="UTF-8"?>
<!-- Generated by org.testng.reporters.JUnitReportReporter -->
<testsuite hostname="T450SAmuluru" name="com.primerevenue.osci.test.smoke.SupplierModPageNavTestNG6" tests="1" failures="0" timestamp="15 Dec 2015 16:00:43 GMT" time="90.800" errors="0">
  <testcase name="smokeTest1" time="90.800" classname="com.primerevenue.osci.test.smoke.SupplierModPageNavTestNG6"/>
</testsuite> <!-- com.primerevenue.osci.test.smoke.SupplierModPageNavTestNG6 -->
