<?xml version="1.0" encoding="UTF-8"?>
<!-- Generated by org.testng.reporters.JUnitReportReporter -->
<testsuite hostname="T450SAmuluru" name="com.primerevenue.osci.test.smoke.DBTest" tests="1" failures="0" timestamp="3 Nov 2015 17:28:13 GMT" time="0.009" errors="0">
  <testcase name="dbtest" time="0.009" classname="com.primerevenue.osci.test.smoke.DBTest"/>
</testsuite> <!-- com.primerevenue.osci.test.smoke.DBTest -->
