<?xml version="1.0" encoding="UTF-8"?>
<!-- Generated by org.testng.reporters.JUnitReportReporter -->
<testsuite hostname="T450SAmuluru" name="com.primerevenue.osci.test.smoke.TestEmailTestNG" tests="2" failures="0" timestamp="6 Dec 2015 04:58:31 GMT" time="217.324" errors="0">
  <testcase name="smokeTest1" time="97.659" classname="com.primerevenue.osci.test.smoke.TestEmailTestNG"/>
  <testcase name="smokeTest2" time="119.665" classname="com.primerevenue.osci.test.smoke.TestEmailTestNG"/>
</testsuite> <!-- com.primerevenue.osci.test.smoke.TestEmailTestNG -->
