<?xml version="1.0" encoding="UTF-8"?>
<!-- Generated by org.testng.reporters.JUnitReportReporter -->
<testsuite hostname="T450SAmuluru" name="com.primerevenue.osci.test.smoke.BuyerTestNG7" tests="1" failures="0" timestamp="23 Nov 2015 14:30:53 GMT" time="111.059" errors="0">
  <testcase name="buyertest1" time="111.059" classname="com.primerevenue.osci.test.smoke.BuyerTestNG7"/>
</testsuite> <!-- com.primerevenue.osci.test.smoke.BuyerTestNG7 -->
