<?xml version="1.0" encoding="UTF-8"?>
<!-- Generated by org.testng.reporters.JUnitReportReporter -->
<testsuite hostname="T450SAmuluru" name="com.primerevenue.osci.test.smoke.FIModReportTestNG10" tests="2" failures="0" timestamp="23 Nov 2015 14:30:53 GMT" time="108.610" errors="0">
  <testcase name="smokeTestfi2" time="87.606" classname="com.primerevenue.osci.test.smoke.FIModReportTestNG10"/>
  <testcase name="smokeTestfi1" time="21.004" classname="com.primerevenue.osci.test.smoke.FIModReportTestNG10"/>
</testsuite> <!-- com.primerevenue.osci.test.smoke.FIModReportTestNG10 -->
