<?xml version="1.0" encoding="UTF-8"?>
<!-- Generated by org.testng.reporters.JUnitReportReporter -->
<testsuite hostname="T450SAmuluru" name="com.primerevenue.osci.test.smoke.BuyerTestNG" tests="1" failures="0" timestamp="10 Nov 2015 14:10:45 GMT" time="52.197" errors="0">
  <testcase name="buyertest1" time="52.197" classname="com.primerevenue.osci.test.smoke.BuyerTestNG"/>
</testsuite> <!-- com.primerevenue.osci.test.smoke.BuyerTestNG -->
