<?xml version="1.0" encoding="UTF-8"?>
<!-- Generated by org.testng.reporters.JUnitReportReporter -->
<testsuite hostname="T450SAmuluru" name="com.primerevenue.osci.test.smoke.FILoginTestNG" tests="1" failures="0" timestamp="6 Nov 2015 13:43:23 GMT" time="34.269" errors="0">
  <testcase name="smokeTestfi1" time="34.269" classname="com.primerevenue.osci.test.smoke.FILoginTestNG"/>
</testsuite> <!-- com.primerevenue.osci.test.smoke.FILoginTestNG -->
