<?xml version="1.0" encoding="UTF-8"?>
<!-- Generated by org.testng.reporters.JUnitReportReporter -->
<testsuite hostname="T450SAmuluru" name="com.primerevenue.osci.test.smoke.SupplierModPageNavTestNG" tests="1" failures="0" timestamp="14 Nov 2015 04:17:27 GMT" time="85.288" errors="0">
  <testcase name="smokeTest1" time="85.288" classname="com.primerevenue.osci.test.smoke.SupplierModPageNavTestNG"/>
</testsuite> <!-- com.primerevenue.osci.test.smoke.SupplierModPageNavTestNG -->
