<?xml version="1.0" encoding="UTF-8"?>
<!-- Generated by org.testng.reporters.JUnitReportReporter -->
<testsuite hostname="T450SAmuluru" name="com.primerevenue.osci.test.smoke.SPLoginTestNG1" tests="1" failures="0" timestamp="11 Nov 2015 18:56:02 GMT" time="36.223" errors="0">
  <testcase name="smokeTest1" time="36.223" classname="com.primerevenue.osci.test.smoke.SPLoginTestNG1"/>
</testsuite> <!-- com.primerevenue.osci.test.smoke.SPLoginTestNG1 -->
