<?xml version="1.0" encoding="UTF-8"?>
<!-- Generated by org.testng.reporters.JUnitReportReporter -->
<testsuite hostname="T450SAmuluru" name="com.primerevenue.osci.test.smoke.SuppReportsTestNG" tests="1" failures="0" timestamp="14 Nov 2015 04:11:40 GMT" time="144.175" errors="0">
  <testcase name="smokeTestReports" time="144.175" classname="com.primerevenue.osci.test.smoke.SuppReportsTestNG"/>
</testsuite> <!-- com.primerevenue.osci.test.smoke.SuppReportsTestNG -->
