<?xml version="1.0" encoding="UTF-8"?>
<!-- Generated by org.testng.reporters.JUnitReportReporter -->
<testsuite hostname="T450SAmuluru" name="com.primerevenue.osci.test.smoke.SupplierModPageNavTestNG" tests="1" failures="0" timestamp="6 Nov 2015 18:25:07 GMT" time="52.730" errors="0">
  <testcase name="smokeTest1" time="52.730" classname="com.primerevenue.osci.test.smoke.SupplierModPageNavTestNG"/>
</testsuite> <!-- com.primerevenue.osci.test.smoke.SupplierModPageNavTestNG -->
