<?xml version="1.0" encoding="UTF-8"?>
<!-- Generated by org.testng.reporters.JUnitReportReporter -->
<testsuite hostname="T450SAmuluru" name="com.primerevenue.osci.test.smoke.FIModReportTestNG10" tests="2" failures="0" timestamp="18 Nov 2015 22:43:00 GMT" time="144.579" errors="0">
  <testcase name="smokeTestfi1" time="49.694" classname="com.primerevenue.osci.test.smoke.FIModReportTestNG10"/>
  <testcase name="smokeTestfi2" time="94.885" classname="com.primerevenue.osci.test.smoke.FIModReportTestNG10"/>
</testsuite> <!-- com.primerevenue.osci.test.smoke.FIModReportTestNG10 -->
