<?xml version="1.0" encoding="UTF-8"?>
<!-- Generated by org.testng.reporters.JUnitReportReporter -->
<testsuite hostname="T450SAmuluru" name="com.primerevenue.osci.test.smoke.SPModReportsTestNG8" tests="1" failures="0" timestamp="23 Nov 2015 16:07:35 GMT" time="118.708" errors="0">
  <testcase name="smokeTest1" time="118.708" classname="com.primerevenue.osci.test.smoke.SPModReportsTestNG8"/>
</testsuite> <!-- com.primerevenue.osci.test.smoke.SPModReportsTestNG8 -->
