<?xml version="1.0" encoding="UTF-8"?>
<!-- Generated by org.testng.reporters.JUnitReportReporter -->
<testsuite hostname="T450SAmuluru" name="com.primerevenue.osci.test.smoke.FIModReportTestNG11" tests="2" failures="0" timestamp="15 Dec 2015 16:50:27 GMT" time="178.102" errors="0">
  <testcase name="smokeTestfi1" time="49.035" classname="com.primerevenue.osci.test.smoke.FIModReportTestNG11"/>
  <testcase name="smokeTestfi2" time="129.067" classname="com.primerevenue.osci.test.smoke.FIModReportTestNG11"/>
</testsuite> <!-- com.primerevenue.osci.test.smoke.FIModReportTestNG11 -->
