<?xml version="1.0" encoding="UTF-8"?>
<!-- Generated by org.testng.reporters.JUnitReportReporter -->
<testsuite hostname="T450SAmuluru" name="com.primerevenue.osci.test.smoke.SupplierModPageNavTestNG6" tests="1" failures="0" timestamp="30 Nov 2015 19:32:17 GMT" time="56.806" errors="0">
  <testcase name="smokeTest1" time="56.806" classname="com.primerevenue.osci.test.smoke.SupplierModPageNavTestNG6"/>
</testsuite> <!-- com.primerevenue.osci.test.smoke.SupplierModPageNavTestNG6 -->
