<?xml version="1.0" encoding="UTF-8"?>
<!-- Generated by org.testng.reporters.JUnitReportReporter -->
<testsuite hostname="T450SAmuluru" name="com.primerevenue.osci.test.smoke.SPModReportsTestNG8" tests="2" failures="0" timestamp="15 Dec 2015 16:31:53 GMT" time="172.932" errors="0">
  <testcase name="afterClass" time="0.008" classname="com.primerevenue.osci.test.smoke.SPModReportsTestNG8"/>
  <testcase name="smokeTest1" time="172.924" classname="com.primerevenue.osci.test.smoke.SPModReportsTestNG8"/>
</testsuite> <!-- com.primerevenue.osci.test.smoke.SPModReportsTestNG8 -->
