<?xml version="1.0" encoding="UTF-8"?>
<!-- Generated by org.testng.reporters.JUnitReportReporter -->
<testsuite hostname="T450SAmuluru" name="com.primerevenue.osci.test.smoke.OTPTestNG" tests="1" failures="0" timestamp="9 Dec 2015 02:17:08 GMT" time="39.634" errors="1">
  <testcase name="oTPTest" time="39.634" classname="com.primerevenue.osci.test.smoke.OTPTestNG">
    <error type="org.openqa.selenium.WebDriverException" message="Permission denied to access property &quot;__qosId&quot;
Command duration or timeout: 5.13 seconds
Build info: version: &#039;2.47.1&#039;, revision: &#039;411b314&#039;, time: &#039;2015-07-30 03:03:16&#039;
System info: host: &#039;T450SAmuluru&#039;, ip: &#039;192.168.1.87&#039;, os.name: &#039;Windows 7&#039;, os.arch: &#039;amd64&#039;, os.version: &#039;6.1&#039;, java.version: &#039;1.8.0_65&#039;
Driver info: org.openqa.selenium.firefox.FirefoxDriver
Capabilities [{applicationCacheEnabled=true, rotatable=false, handlesAlerts=true, databaseEnabled=true, version=42.0, platform=WINDOWS, nativeEvents=false, acceptSslCerts=true, webStorageEnabled=true, locationContextEnabled=true, browserName=firefox, takesScreenshot=true, javascriptEnabled=true, cssSelectorsEnabled=true}]
Session ID: 7c485238-3b4c-47d9-a7b7-2010159fda57
*** Element info: {Using=xpath, value=//script[@type=&#039;jsv#7^&#039;]/..}">
      <![CDATA[org.openqa.selenium.WebDriverException: Permission denied to access property "__qosId"
Command duration or timeout: 5.13 seconds
Build info: version: '2.47.1', revision: '411b314', time: '2015-07-30 03:03:16'
System info: host: 'T450SAmuluru', ip: '192.168.1.87', os.name: 'Windows 7', os.arch: 'amd64', os.version: '6.1', java.version: '1.8.0_65'
Driver info: org.openqa.selenium.firefox.FirefoxDriver
Capabilities [{applicationCacheEnabled=true, rotatable=false, handlesAlerts=true, databaseEnabled=true, version=42.0, platform=WINDOWS, nativeEvents=false, acceptSslCerts=true, webStorageEnabled=true, locationContextEnabled=true, browserName=firefox, takesScreenshot=true, javascriptEnabled=true, cssSelectorsEnabled=true}]
Session ID: 7c485238-3b4c-47d9-a7b7-2010159fda57
*** Element info: {Using=xpath, value=//script[@type='jsv#7^']/..}
	at sun.reflect.NativeConstructorAccessorImpl.newInstance0(Native Method)
	at sun.reflect.NativeConstructorAccessorImpl.newInstance(Unknown Source)
	at sun.reflect.DelegatingConstructorAccessorImpl.newInstance(Unknown Source)
	at java.lang.reflect.Constructor.newInstance(Unknown Source)
	at org.openqa.selenium.remote.ErrorHandler.createThrowable(ErrorHandler.java:206)
	at org.openqa.selenium.remote.ErrorHandler.throwIfResponseFailed(ErrorHandler.java:158)
	at org.openqa.selenium.remote.RemoteWebDriver.execute(RemoteWebDriver.java:595)
	at org.openqa.selenium.remote.RemoteWebDriver.findElement(RemoteWebDriver.java:348)
	at org.openqa.selenium.remote.RemoteWebDriver.findElementByXPath(RemoteWebDriver.java:445)
	at org.openqa.selenium.By$ByXPath.findElement(By.java:358)
	at org.openqa.selenium.remote.RemoteWebDriver.findElement(RemoteWebDriver.java:340)
	at com.primerevenue.osci.test.smoke.OTPTestNG.testingBrowserDriver(OTPTestNG.java:91)
	at com.primerevenue.osci.test.smoke.OTPTestNG.oTPTest(OTPTestNG.java:127)
	at sun.reflect.NativeMethodAccessorImpl.invoke0(Native Method)
	at sun.reflect.NativeMethodAccessorImpl.invoke(Unknown Source)
	at sun.reflect.DelegatingMethodAccessorImpl.invoke(Unknown Source)
	at java.lang.reflect.Method.invoke(Unknown Source)
	at org.testng.internal.MethodInvocationHelper.invokeMethod(MethodInvocationHelper.java:86)
	at org.testng.internal.Invoker.invokeMethod(Invoker.java:643)
	at org.testng.internal.Invoker.invokeTestMethod(Invoker.java:820)
	at org.testng.internal.Invoker.invokeTestMethods(Invoker.java:1128)
	at org.testng.internal.TestMethodWorker.invokeTestMethods(TestMethodWorker.java:129)
	at org.testng.internal.TestMethodWorker.run(TestMethodWorker.java:112)
	at org.testng.TestRunner.privateRun(TestRunner.java:782)
	at org.testng.TestRunner.run(TestRunner.java:632)
	at org.testng.SuiteRunner.runTest(SuiteRunner.java:366)
	at org.testng.SuiteRunner.runSequentially(SuiteRunner.java:361)
	at org.testng.SuiteRunner.privateRun(SuiteRunner.java:319)
	at org.testng.SuiteRunner.run(SuiteRunner.java:268)
	at org.testng.SuiteRunnerWorker.runSuite(SuiteRunnerWorker.java:52)
	at org.testng.SuiteRunnerWorker.run(SuiteRunnerWorker.java:86)
	at org.testng.TestNG.runSuitesSequentially(TestNG.java:1246)
	at org.testng.TestNG.runSuitesLocally(TestNG.java:1171)
	at org.testng.TestNG.run(TestNG.java:1066)
	at org.testng.remote.RemoteTestNG.run(RemoteTestNG.java:113)
	at org.testng.remote.RemoteTestNG.initAndRun(RemoteTestNG.java:206)
	at org.testng.remote.RemoteTestNG.main(RemoteTestNG.java:177)
Caused by: org.openqa.selenium.WebDriverException: Permission denied to access property "__qosId"
Build info: version: '2.47.1', revision: '411b314', time: '2015-07-30 03:03:16'
System info: host: 'T450SAmuluru', ip: '192.168.1.87', os.name: 'Windows 7', os.arch: 'amd64', os.version: '6.1', java.version: '1.8.0_65'
Driver info: driver.version: unknown
	at <anonymous class>.r(https://a.gfx.ms/Shared_xgR2IG1nRyxXCDZm4LxGdg2.js:1)
	at <anonymous class>.u/<(https://a.gfx.ms/Shared_xgR2IG1nRyxXCDZm4LxGdg2.js:1)
]]>
    </error>
  </testcase> <!-- oTPTest -->
</testsuite> <!-- com.primerevenue.osci.test.smoke.OTPTestNG -->
