<?xml version="1.0" encoding="UTF-8"?>
<!-- Generated by org.testng.reporters.JUnitReportReporter -->
<testsuite hostname="T450SAmuluru" name="com.primerevenue.osci.test.smoke.SPLoginTestNG4" tests="1" failures="0" timestamp="15 Nov 2015 02:11:14 GMT" time="86.426" errors="0">
  <testcase name="smokeTest1" time="86.426" classname="com.primerevenue.osci.test.smoke.SPLoginTestNG4"/>
</testsuite> <!-- com.primerevenue.osci.test.smoke.SPLoginTestNG4 -->
