<?xml version="1.0" encoding="UTF-8"?>
<!-- Generated by org.testng.reporters.JUnitReportReporter -->
<testsuite hostname="T450SAmuluru" name="com.primerevenue.osci.test.smoke.FIModReportTestNG10" tests="2" failures="0" timestamp="30 Nov 2015 22:52:12 GMT" time="157.510" errors="0">
  <testcase name="smokeTestfi1" time="27.423" classname="com.primerevenue.osci.test.smoke.FIModReportTestNG10"/>
  <testcase name="smokeTestfi2" time="130.087" classname="com.primerevenue.osci.test.smoke.FIModReportTestNG10"/>
</testsuite> <!-- com.primerevenue.osci.test.smoke.FIModReportTestNG10 -->
