<?xml version="1.0" encoding="UTF-8"?>
<!-- Generated by org.testng.reporters.JUnitReportReporter -->
<testsuite hostname="T450SAmuluru" name="com.primerevenue.osci.test.smoke.NewSupplierLoginEmailTestNG9" tests="2" failures="0" timestamp="15 Dec 2015 16:39:44 GMT" time="184.797" errors="0">
  <testcase name="smokeTest1" time="78.556" classname="com.primerevenue.osci.test.smoke.NewSupplierLoginEmailTestNG9"/>
  <testcase name="smokeTestss" time="106.241" classname="com.primerevenue.osci.test.smoke.NewSupplierLoginEmailTestNG9"/>
</testsuite> <!-- com.primerevenue.osci.test.smoke.NewSupplierLoginEmailTestNG9 -->
