<?xml version="1.0" encoding="UTF-8"?>
<!-- Generated by org.testng.reporters.JUnitReportReporter -->
<testsuite hostname="T450SAmuluru" name="com.primerevenue.osci.test.smoke.SPSmokeTestNG1" tests="1" failures="0" timestamp="23 Nov 2015 14:30:53 GMT" time="83.735" errors="0">
  <testcase name="smokeTest1" time="83.735" classname="com.primerevenue.osci.test.smoke.SPSmokeTestNG1"/>
</testsuite> <!-- com.primerevenue.osci.test.smoke.SPSmokeTestNG1 -->
