<?xml version="1.0" encoding="UTF-8"?>
<!-- Generated by org.testng.reporters.JUnitReportReporter -->
<testsuite hostname="T450SAmuluru" name="com.primerevenue.osci.test.smoke.DBTest" tests="1" failures="0" timestamp="14 Nov 2015 16:58:09 GMT" time="0.824" errors="0">
  <testcase name="pdftest" time="0.824" classname="com.primerevenue.osci.test.smoke.DBTest"/>
</testsuite> <!-- com.primerevenue.osci.test.smoke.DBTest -->
