<?xml version="1.0" encoding="UTF-8"?>
<!-- Generated by org.testng.reporters.JUnitReportReporter -->
<testsuite hostname="T450SAmuluru" name="com.primerevenue.osci.test.smoke.BuyerTestNG" tests="1" failures="0" timestamp="14 Nov 2015 17:30:29 GMT" time="115.979" errors="0">
  <testcase name="buyertest1" time="115.979" classname="com.primerevenue.osci.test.smoke.BuyerTestNG"/>
</testsuite> <!-- com.primerevenue.osci.test.smoke.BuyerTestNG -->
