<?xml version="1.0" encoding="UTF-8"?>
<!-- Generated by org.testng.reporters.JUnitReportReporter -->
<testsuite hostname="T450SAmuluru" name="com.primerevenue.osci.test.smoke.DBRollBackTestNG14" tests="1" failures="0" timestamp="17 Dec 2015 14:26:30 GMT" time="10.174" errors="0">
  <testcase name="testdb" time="10.174" classname="com.primerevenue.osci.test.smoke.DBRollBackTestNG14"/>
</testsuite> <!-- com.primerevenue.osci.test.smoke.DBRollBackTestNG14 -->
