<?xml version="1.0" encoding="UTF-8"?>
<!-- Generated by org.testng.reporters.JUnitReportReporter -->
<testsuite hostname="T450SAmuluru" name="com.primerevenue.osci.test.smoke.SPLoginTestNG1" tests="1" failures="0" timestamp="14 Nov 2015 22:10:46 GMT" time="111.276" errors="0">
  <testcase name="smokeTest1" time="111.276" classname="com.primerevenue.osci.test.smoke.SPLoginTestNG1"/>
</testsuite> <!-- com.primerevenue.osci.test.smoke.SPLoginTestNG1 -->
