<?xml version="1.0" encoding="UTF-8"?>
<!-- Generated by org.testng.reporters.JUnitReportReporter -->
<testsuite hostname="T450SAmuluru" name="com.primerevenue.osci.test.smoke.DBTest" tests="1" failures="0" timestamp="26 Nov 2015 17:34:05 GMT" time="0.022" errors="0">
  <testcase name="active" time="0.022" classname="com.primerevenue.osci.test.smoke.DBTest"/>
</testsuite> <!-- com.primerevenue.osci.test.smoke.DBTest -->
