<?xml version="1.0" encoding="UTF-8"?>
<!-- Generated by org.testng.reporters.JUnitReportReporter -->
<testsuite hostname="T450SAmuluru" name="com.primerevenue.osci.test.smoke.CMModReportsTestNG10" tests="2" failures="0" timestamp="15 Dec 2015 16:42:28 GMT" time="90.789" errors="0">
  <testcase name="cmsmokeTest3" time="44.402" classname="com.primerevenue.osci.test.smoke.CMModReportsTestNG10"/>
  <testcase name="cmsmokeTest1" time="46.387" classname="com.primerevenue.osci.test.smoke.CMModReportsTestNG10"/>
</testsuite> <!-- com.primerevenue.osci.test.smoke.CMModReportsTestNG10 -->
