<?xml version="1.0" encoding="UTF-8"?>
<!-- Generated by org.testng.reporters.JUnitReportReporter -->
<testsuite hostname="T450SAmuluru" name="com.primerevenue.osci.test.smoke.BuyerTestNG7" tests="1" failures="0" timestamp="15 Dec 2015 16:25:39 GMT" time="202.275" errors="0">
  <testcase name="buyertest1" time="202.275" classname="com.primerevenue.osci.test.smoke.BuyerTestNG7"/>
</testsuite> <!-- com.primerevenue.osci.test.smoke.BuyerTestNG7 -->
