<?xml version="1.0" encoding="UTF-8"?>
<!-- Generated by org.testng.reporters.JUnitReportReporter -->
<testsuite hostname="T450SAmuluru" name="com.primerevenue.osci.test.smoke.FinalBrowsertesting" tests="1" failures="0" timestamp="9 Dec 2015 17:31:12 GMT" time="130.770" errors="0">
  <testcase name="oTPTest1" time="130.770" classname="com.primerevenue.osci.test.smoke.FinalBrowsertesting"/>
</testsuite> <!-- com.primerevenue.osci.test.smoke.FinalBrowsertesting -->
