<?xml version="1.0" encoding="UTF-8"?>
<!-- Generated by org.testng.reporters.JUnitReportReporter -->
<testsuite hostname="T450SAmuluru" name="com.primerevenue.osci.test.smoke.CMModReportsTestNG9" tests="2" failures="0" timestamp="23 Nov 2015 18:34:33 GMT" time="46.975" errors="0">
  <testcase name="cmsmokeTest3" time="26.336" classname="com.primerevenue.osci.test.smoke.CMModReportsTestNG9"/>
  <testcase name="cmsmokeTest1" time="20.639" classname="com.primerevenue.osci.test.smoke.CMModReportsTestNG9"/>
</testsuite> <!-- com.primerevenue.osci.test.smoke.CMModReportsTestNG9 -->
