<?xml version="1.0" encoding="UTF-8"?>
<!-- Generated by org.testng.reporters.JUnitReportReporter -->
<testsuite hostname="T450SAmuluru" name="com.primerevenue.osci.test.smoke.CMSmokeTestNG2" tests="2" failures="0" timestamp="30 Nov 2015 19:11:22 GMT" time="81.374" errors="0">
  <testcase name="cmsmokeTest2" time="55.917" classname="com.primerevenue.osci.test.smoke.CMSmokeTestNG2"/>
  <testcase name="cmsmokeTest1" time="25.457" classname="com.primerevenue.osci.test.smoke.CMSmokeTestNG2"/>
</testsuite> <!-- com.primerevenue.osci.test.smoke.CMSmokeTestNG2 -->
