<?xml version="1.0" encoding="UTF-8"?>
<!-- Generated by org.testng.reporters.JUnitReportReporter -->
<testsuite hostname="T450SAmuluru" name="com.primerevenue.osci.test.smoke.SPlogin" tests="1" failures="0" timestamp="3 Nov 2015 21:18:01 GMT" time="29.534" errors="0">
  <testcase name="smokeTest1" time="29.534" classname="com.primerevenue.osci.test.smoke.SPlogin"/>
</testsuite> <!-- com.primerevenue.osci.test.smoke.SPlogin -->
