<?xml version="1.0" encoding="UTF-8"?>
<!-- Generated by org.testng.reporters.JUnitReportReporter -->
<testsuite hostname="T450SAmuluru" name="com.primerevenue.osci.test.smoke.SuppReportsTestNG" tests="1" failures="0" timestamp="9 Nov 2015 17:29:28 GMT" time="125.989" errors="0">
  <testcase name="smokeTestReports" time="125.989" classname="com.primerevenue.osci.test.smoke.SuppReportsTestNG"/>
</testsuite> <!-- com.primerevenue.osci.test.smoke.SuppReportsTestNG -->
