<?xml version="1.0" encoding="UTF-8"?>
<!-- Generated by org.testng.reporters.JUnitReportReporter -->
<testsuite hostname="T450SAmuluru" name="com.primerevenue.osci.test.smoke.DBRollBackTestNG14" tests="1" failures="0" timestamp="16 Dec 2015 16:04:35 GMT" time="6.295" errors="0">
  <testcase name="testdb" time="6.295" classname="com.primerevenue.osci.test.smoke.DBRollBackTestNG14"/>
</testsuite> <!-- com.primerevenue.osci.test.smoke.DBRollBackTestNG14 -->
