<?xml version="1.0" encoding="UTF-8"?>
<!-- Generated by org.testng.reporters.JUnitReportReporter -->
<testsuite hostname="T450SAmuluru" name="com.primerevenue.osci.test.smoke.CMModReportsTestNG9" tests="2" failures="0" timestamp="30 Nov 2015 22:46:55 GMT" time="76.306" errors="0">
  <testcase name="cmsmokeTest1" time="30.825" classname="com.primerevenue.osci.test.smoke.CMModReportsTestNG9"/>
  <testcase name="cmsmokeTest3" time="45.481" classname="com.primerevenue.osci.test.smoke.CMModReportsTestNG9"/>
</testsuite> <!-- com.primerevenue.osci.test.smoke.CMModReportsTestNG9 -->
