<?xml version="1.0" encoding="UTF-8"?>
<!-- Generated by org.testng.reporters.JUnitReportReporter -->
<testsuite hostname="T450SAmuluru" name="com.primerevenue.osci.test.smoke.TestEmailTestNG9" tests="2" failures="0" timestamp="9 Dec 2015 17:27:16 GMT" time="174.512" errors="0">
  <testcase name="smokeTest1" time="71.376" classname="com.primerevenue.osci.test.smoke.TestEmailTestNG9"/>
  <testcase name="smokeTestss" time="103.136" classname="com.primerevenue.osci.test.smoke.TestEmailTestNG9"/>
</testsuite> <!-- com.primerevenue.osci.test.smoke.TestEmailTestNG9 -->
