<?xml version="1.0" encoding="UTF-8"?>
<!-- Generated by org.testng.reporters.JUnitReportReporter -->
<testsuite hostname="T450SAmuluru" name="com.primerevenue.osci.test.smoke.SuppReportsTestNG5" tests="1" failures="0" timestamp="30 Nov 2015 19:31:05 GMT" time="627.662" errors="0">
  <testcase name="smokeTestReports" time="627.662" classname="com.primerevenue.osci.test.smoke.SuppReportsTestNG5"/>
</testsuite> <!-- com.primerevenue.osci.test.smoke.SuppReportsTestNG5 -->
